{"D:\\todo-list\\client\\src\\test-utils.tsx": {"path":"D:\\todo-list\\client\\src\\test-utils.tsx","statementMap":{"0":{"start":{"line":3,"column":0},"end":{"line":3,"column":48}},"1":{"start":{"line":5,"column":0},"end":{"line":5,"column":39}},"2":{"start":{"line":6,"column":0},"end":{"line":6,"column":50}},"3":{"start":{"line":7,"column":0},"end":{"line":7,"column":46}},"4":{"start":{"line":8,"column":0},"end":{"line":8,"column":53}},"5":{"start":{"line":9,"column":0},"end":{"line":9,"column":28}},"6":{"start":{"line":10,"column":0},"end":{"line":10,"column":59}},"7":{"start":{"line":11,"column":0},"end":{"line":11,"column":64}},"8":{"start":{"line":13,"column":24},"end":{"line":31,"column":1}},"9":{"start":{"line":14,"column":20},"end":{"line":20,"column":4}},"10":{"start":{"line":19,"column":6},"end":{"line":19,"column":55}},"11":{"start":{"line":22,"column":2},"end":{"line":30,"column":4}},"12":{"start":{"line":33,"column":21},"end":{"line":36,"column":57}},"13":{"start":{"line":36,"column":5},"end":{"line":36,"column":57}},"14":{"start":{"line":39,"column":25},"end":{"line":39,"column":31}},"15":{"start":{"line":38,"column":0},"end":{"line":38,"column":39}}},"fnMap":{"0":{"name":"(anonymous_5)","decl":{"start":{"line":13,"column":24},"end":{"line":13,"column":25}},"loc":{"start":{"line":13,"column":72},"end":{"line":31,"column":1}}},"1":{"name":"(anonymous_6)","decl":{"start":{"line":18,"column":16},"end":{"line":18,"column":17}},"loc":{"start":{"line":19,"column":6},"end":{"line":19,"column":55}}},"2":{"name":"(anonymous_7)","decl":{"start":{"line":33,"column":21},"end":{"line":33,"column":null}},"loc":{"start":{"line":36,"column":5},"end":{"line":36,"column":57}}}},"branchMap":{},"s":{"0":3,"1":3,"2":3,"3":3,"4":3,"5":3,"6":3,"7":3,"8":3,"9":9,"10":9,"11":9,"12":3,"13":9,"14":3,"15":3},"f":{"0":9,"1":9,"2":9},"b":{}}
,"D:\\todo-list\\client\\src\\theme.ts": {"path":"D:\\todo-list\\client\\src\\theme.ts","statementMap":{"0":{"start":{"line":1,"column":0},"end":{"line":1,"column":51}},"1":{"start":{"line":3,"column":14},"end":{"line":85,"column":2}},"2":{"start":{"line":87,"column":0},"end":{"line":87,"column":21}}},"fnMap":{},"branchMap":{},"s":{"0":3,"1":3,"2":3},"f":{},"b":{}}
,"D:\\todo-list\\client\\src\\components\\EditTaskDialog.tsx": {"path":"D:\\todo-list\\client\\src\\components\\EditTaskDialog.tsx","statementMap":{"0":{"start":{"line":1,"column":0},"end":{"line":1,"column":44}},"1":{"start":{"line":2,"column":0},"end":{"line":2,"column":null}},"2":{"start":{"line":14,"column":0},"end":{"line":14,"column":60}},"3":{"start":{"line":15,"column":0},"end":{"line":15,"column":87}},"4":{"start":{"line":17,"column":0},"end":{"line":17,"column":37}},"5":{"start":{"line":25,"column":23},"end":{"line":150,"column":1}},"6":{"start":{"line":26,"column":40},"end":{"line":26,"column":63}},"7":{"start":{"line":27,"column":30},"end":{"line":27,"column":42}},"8":{"start":{"line":28,"column":42},"end":{"line":28,"column":54}},"9":{"start":{"line":29,"column":32},"end":{"line":29,"column":69}},"10":{"start":{"line":30,"column":36},"end":{"line":30,"column":79}},"11":{"start":{"line":31,"column":36},"end":{"line":31,"column":64}},"12":{"start":{"line":32,"column":30},"end":{"line":32,"column":59}},"13":{"start":{"line":34,"column":4},"end":{"line":43,"column":15}},"14":{"start":{"line":35,"column":8},"end":{"line":42,"column":9}},"15":{"start":{"line":36,"column":12},"end":{"line":36,"column":33}},"16":{"start":{"line":37,"column":12},"end":{"line":37,"column":51}},"17":{"start":{"line":38,"column":12},"end":{"line":38,"column":35}},"18":{"start":{"line":39,"column":12},"end":{"line":39,"column":39}},"19":{"start":{"line":40,"column":12},"end":{"line":40,"column":69}},"20":{"start":{"line":41,"column":12},"end":{"line":41,"column":27}},"21":{"start":{"line":45,"column":23},"end":{"line":70,"column":5}},"22":{"start":{"line":46,"column":8},"end":{"line":49,"column":9}},"23":{"start":{"line":47,"column":12},"end":{"line":47,"column":43}},"24":{"start":{"line":48,"column":12},"end":{"line":48,"column":19}},"25":{"start":{"line":51,"column":8},"end":{"line":69,"column":9}},"26":{"start":{"line":52,"column":12},"end":{"line":52,"column":27}},"27":{"start":{"line":53,"column":12},"end":{"line":60,"column":24}},"28":{"start":{"line":61,"column":12},"end":{"line":61,"column":22}},"29":{"start":{"line":63,"column":12},"end":{"line":63,"column":57}},"30":{"start":{"line":64,"column":12},"end":{"line":68,"column":13}},"31":{"start":{"line":65,"column":16},"end":{"line":65,"column":51}},"32":{"start":{"line":67,"column":16},"end":{"line":67,"column":58}},"33":{"start":{"line":72,"column":4},"end":{"line":149,"column":6}},"34":{"start":{"line":83,"column":24},"end":{"line":83,"column":49}},"35":{"start":{"line":84,"column":24},"end":{"line":84,"column":66}},"36":{"start":{"line":84,"column":51},"end":{"line":84,"column":66}},"37":{"start":{"line":96,"column":37},"end":{"line":96,"column":67}},"38":{"start":{"line":106,"column":45},"end":{"line":106,"column":84}},"39":{"start":{"line":120,"column":45},"end":{"line":120,"column":88}},"40":{"start":{"line":133,"column":44},"end":{"line":133,"column":65}},"41":{"start":{"line":152,"column":0},"end":{"line":152,"column":30}}},"fnMap":{"0":{"name":"(anonymous_1)","decl":{"start":{"line":25,"column":23},"end":{"line":25,"column":24}},"loc":{"start":{"line":25,"column":72},"end":{"line":150,"column":1}}},"1":{"name":"(anonymous_2)","decl":{"start":{"line":34,"column":14},"end":{"line":34,"column":17}},"loc":{"start":{"line":34,"column":19},"end":{"line":43,"column":5}}},"2":{"name":"(anonymous_3)","decl":{"start":{"line":45,"column":23},"end":{"line":45,"column":28}},"loc":{"start":{"line":45,"column":34},"end":{"line":70,"column":5}}},"3":{"name":"(anonymous_4)","decl":{"start":{"line":82,"column":30},"end":{"line":82,"column":31}},"loc":{"start":{"line":82,"column":36},"end":{"line":85,"column":21}}},"4":{"name":"(anonymous_5)","decl":{"start":{"line":96,"column":30},"end":{"line":96,"column":31}},"loc":{"start":{"line":96,"column":37},"end":{"line":96,"column":67}}},"5":{"name":"(anonymous_6)","decl":{"start":{"line":106,"column":38},"end":{"line":106,"column":39}},"loc":{"start":{"line":106,"column":45},"end":{"line":106,"column":84}}},"6":{"name":"(anonymous_7)","decl":{"start":{"line":120,"column":38},"end":{"line":120,"column":39}},"loc":{"start":{"line":120,"column":45},"end":{"line":120,"column":88}}},"7":{"name":"(anonymous_8)","decl":{"start":{"line":133,"column":30},"end":{"line":133,"column":31}},"loc":{"start":{"line":133,"column":44},"end":{"line":133,"column":65}}}},"branchMap":{"0":{"loc":{"start":{"line":35,"column":8},"end":{"line":42,"column":9}},"type":"if","locations":[{"start":{"line":35,"column":8},"end":{"line":42,"column":9}},{"start":{},"end":{}}]},"1":{"loc":{"start":{"line":37,"column":27},"end":{"line":37,"column":49}},"type":"binary-expr","locations":[{"start":{"line":37,"column":27},"end":{"line":37,"column":43}},{"start":{"line":37,"column":47},"end":{"line":37,"column":49}}]},"2":{"loc":{"start":{"line":40,"column":24},"end":{"line":40,"column":67}},"type":"cond-expr","locations":[{"start":{"line":40,"column":40},"end":{"line":40,"column":60}},{"start":{"line":40,"column":63},"end":{"line":40,"column":67}}]},"3":{"loc":{"start":{"line":46,"column":8},"end":{"line":49,"column":9}},"type":"if","locations":[{"start":{"line":46,"column":8},"end":{"line":49,"column":9}},{"start":{},"end":{}}]},"4":{"loc":{"start":{"line":46,"column":12},"end":{"line":46,"column":34}},"type":"binary-expr","locations":[{"start":{"line":46,"column":12},"end":{"line":46,"column":17}},{"start":{"line":46,"column":21},"end":{"line":46,"column":34}}]},"5":{"loc":{"start":{"line":59,"column":26},"end":{"line":59,"column":71}},"type":"cond-expr","locations":[{"start":{"line":59,"column":37},"end":{"line":59,"column":59}},{"start":{"line":59,"column":62},"end":{"line":59,"column":71}}]},"6":{"loc":{"start":{"line":64,"column":12},"end":{"line":68,"column":13}},"type":"if","locations":[{"start":{"line":64,"column":12},"end":{"line":68,"column":13}},{"start":{"line":66,"column":19},"end":{"line":68,"column":13}}]},"7":{"loc":{"start":{"line":84,"column":24},"end":{"line":84,"column":66}},"type":"if","locations":[{"start":{"line":84,"column":24},"end":{"line":84,"column":66}},{"start":{},"end":{}}]},"8":{"loc":{"start":{"line":143,"column":30},"end":{"line":143,"column":56}},"type":"binary-expr","locations":[{"start":{"line":143,"column":30},"end":{"line":143,"column":39}},{"start":{"line":143,"column":43},"end":{"line":143,"column":56}}]},"9":{"loc":{"start":{"line":145,"column":21},"end":{"line":145,"column":61}},"type":"cond-expr","locations":[{"start":{"line":145,"column":33},"end":{"line":145,"column":44}},{"start":{"line":145,"column":47},"end":{"line":145,"column":61}}]}},"s":{"0":2,"1":2,"2":2,"3":2,"4":2,"5":2,"6":13,"7":13,"8":13,"9":13,"10":13,"11":13,"12":13,"13":13,"14":5,"15":3,"16":3,"17":3,"18":3,"19":3,"20":3,"21":13,"22":1,"23":0,"24":0,"25":1,"26":1,"27":1,"28":1,"29":0,"30":0,"31":0,"32":0,"33":13,"34":1,"35":1,"36":1,"37":0,"38":0,"39":0,"40":0,"41":2},"f":{"0":13,"1":5,"2":1,"3":1,"4":0,"5":0,"6":0,"7":0},"b":{"0":[3,2],"1":[3,0],"2":[0,3],"3":[0,1],"4":[1,1],"5":[0,1],"6":[0,0],"7":[1,0],"8":[13,12],"9":[1,12]}}
,"D:\\todo-list\\client\\src\\components\\InputArea.tsx": {"path":"D:\\todo-list\\client\\src\\components\\InputArea.tsx","statementMap":{"0":{"start":{"line":1,"column":0},"end":{"line":1,"column":33}},"1":{"start":{"line":2,"column":0},"end":{"line":2,"column":105}},"2":{"start":{"line":3,"column":0},"end":{"line":3,"column":60}},"3":{"start":{"line":4,"column":0},"end":{"line":4,"column":75}},"4":{"start":{"line":8,"column":28},"end":{"line":8,"column":40}},"5":{"start":{"line":9,"column":34},"end":{"line":9,"column":77}},"6":{"start":{"line":10,"column":34},"end":{"line":10,"column":62}},"7":{"start":{"line":11,"column":28},"end":{"line":11,"column":57}},"8":{"start":{"line":12,"column":38},"end":{"line":12,"column":61}},"9":{"start":{"line":14,"column":20},"end":{"line":38,"column":3}},"10":{"start":{"line":15,"column":4},"end":{"line":18,"column":5}},"11":{"start":{"line":16,"column":6},"end":{"line":16,"column":37}},"12":{"start":{"line":17,"column":6},"end":{"line":17,"column":13}},"13":{"start":{"line":20,"column":4},"end":{"line":37,"column":5}},"14":{"start":{"line":21,"column":6},"end":{"line":21,"column":21}},"15":{"start":{"line":22,"column":6},"end":{"line":26,"column":18}},"16":{"start":{"line":27,"column":6},"end":{"line":27,"column":19}},"17":{"start":{"line":28,"column":6},"end":{"line":28,"column":24}},"18":{"start":{"line":29,"column":6},"end":{"line":29,"column":39}},"19":{"start":{"line":31,"column":6},"end":{"line":31,"column":48}},"20":{"start":{"line":32,"column":6},"end":{"line":36,"column":7}},"21":{"start":{"line":33,"column":8},"end":{"line":33,"column":43}},"22":{"start":{"line":35,"column":8},"end":{"line":35,"column":50}},"23":{"start":{"line":40,"column":25},"end":{"line":44,"column":3}},"24":{"start":{"line":41,"column":4},"end":{"line":43,"column":5}},"25":{"start":{"line":42,"column":6},"end":{"line":42,"column":18}},"26":{"start":{"line":46,"column":2},"end":{"line":99,"column":4}},"27":{"start":{"line":57,"column":12},"end":{"line":57,"column":37}},"28":{"start":{"line":58,"column":12},"end":{"line":58,"column":54}},"29":{"start":{"line":58,"column":39},"end":{"line":58,"column":54}},"30":{"start":{"line":71,"column":33},"end":{"line":71,"column":76}},"31":{"start":{"line":83,"column":34},"end":{"line":83,"column":55}},"32":{"start":{"line":102,"column":0},"end":{"line":102,"column":25}}},"fnMap":{"0":{"name":"InputArea","decl":{"start":{"line":7,"column":9},"end":{"line":7,"column":18}},"loc":{"start":{"line":7,"column":18},"end":{"line":100,"column":1}}},"1":{"name":"(anonymous_1)","decl":{"start":{"line":14,"column":20},"end":{"line":14,"column":25}},"loc":{"start":{"line":14,"column":31},"end":{"line":38,"column":3}}},"2":{"name":"(anonymous_2)","decl":{"start":{"line":40,"column":25},"end":{"line":40,"column":26}},"loc":{"start":{"line":40,"column":52},"end":{"line":44,"column":3}}},"3":{"name":"(anonymous_3)","decl":{"start":{"line":56,"column":20},"end":{"line":56,"column":21}},"loc":{"start":{"line":56,"column":26},"end":{"line":59,"column":11}}},"4":{"name":"(anonymous_4)","decl":{"start":{"line":71,"column":26},"end":{"line":71,"column":27}},"loc":{"start":{"line":71,"column":33},"end":{"line":71,"column":76}}},"5":{"name":"(anonymous_5)","decl":{"start":{"line":83,"column":20},"end":{"line":83,"column":21}},"loc":{"start":{"line":83,"column":34},"end":{"line":83,"column":55}}}},"branchMap":{"0":{"loc":{"start":{"line":15,"column":4},"end":{"line":18,"column":5}},"type":"if","locations":[{"start":{"line":15,"column":4},"end":{"line":18,"column":5}},{"start":{},"end":{}}]},"1":{"loc":{"start":{"line":25,"column":18},"end":{"line":25,"column":63}},"type":"cond-expr","locations":[{"start":{"line":25,"column":29},"end":{"line":25,"column":51}},{"start":{"line":25,"column":54},"end":{"line":25,"column":63}}]},"2":{"loc":{"start":{"line":32,"column":6},"end":{"line":36,"column":7}},"type":"if","locations":[{"start":{"line":32,"column":6},"end":{"line":36,"column":7}},{"start":{"line":34,"column":13},"end":{"line":36,"column":7}}]},"3":{"loc":{"start":{"line":41,"column":4},"end":{"line":43,"column":5}},"type":"if","locations":[{"start":{"line":41,"column":4},"end":{"line":43,"column":5}},{"start":{},"end":{}}]},"4":{"loc":{"start":{"line":58,"column":12},"end":{"line":58,"column":54}},"type":"if","locations":[{"start":{"line":58,"column":12},"end":{"line":58,"column":54}},{"start":{},"end":{}}]},"5":{"loc":{"start":{"line":93,"column":18},"end":{"line":93,"column":44}},"type":"binary-expr","locations":[{"start":{"line":93,"column":18},"end":{"line":93,"column":27}},{"start":{"line":93,"column":31},"end":{"line":93,"column":44}}]},"6":{"loc":{"start":{"line":96,"column":9},"end":{"line":96,"column":42}},"type":"cond-expr","locations":[{"start":{"line":96,"column":21},"end":{"line":96,"column":26}},{"start":{"line":96,"column":29},"end":{"line":96,"column":42}}]}},"s":{"0":1,"1":1,"2":1,"3":1,"4":8,"5":8,"6":8,"7":8,"8":8,"9":8,"10":1,"11":0,"12":0,"13":1,"14":1,"15":1,"16":1,"17":1,"18":1,"19":0,"20":0,"21":0,"22":0,"23":8,"24":0,"25":0,"26":8,"27":2,"28":2,"29":2,"30":0,"31":0,"32":1},"f":{"0":8,"1":1,"2":0,"3":2,"4":0,"5":0},"b":{"0":[0,1],"1":[0,1],"2":[0,0],"3":[0,0],"4":[2,0],"5":[8,7],"6":[1,7]}}
,"D:\\todo-list\\client\\src\\components\\TaskList.tsx": {"path":"D:\\todo-list\\client\\src\\components\\TaskList.tsx","statementMap":{"0":{"start":{"line":1,"column":0},"end":{"line":1,"column":33}},"1":{"start":{"line":2,"column":0},"end":{"line":2,"column":null}},"2":{"start":{"line":16,"column":0},"end":{"line":16,"column":52}},"3":{"start":{"line":17,"column":0},"end":{"line":17,"column":48}},"4":{"start":{"line":18,"column":0},"end":{"line":18,"column":60}},"5":{"start":{"line":19,"column":0},"end":{"line":19,"column":null}},"6":{"start":{"line":27,"column":0},"end":{"line":27,"column":46}},"7":{"start":{"line":29,"column":23},"end":{"line":35,"column":1}},"8":{"start":{"line":30,"column":2},"end":{"line":34,"column":3}},"9":{"start":{"line":31,"column":32},"end":{"line":31,"column":51}},"10":{"start":{"line":32,"column":26},"end":{"line":32,"column":43}},"11":{"start":{"line":33,"column":13},"end":{"line":33,"column":30}},"12":{"start":{"line":37,"column":23},"end":{"line":43,"column":1}},"13":{"start":{"line":38,"column":2},"end":{"line":42,"column":3}},"14":{"start":{"line":39,"column":32},"end":{"line":39,"column":53}},"15":{"start":{"line":40,"column":26},"end":{"line":40,"column":40}},"16":{"start":{"line":41,"column":13},"end":{"line":41,"column":27}},"17":{"start":{"line":45,"column":25},"end":{"line":52,"column":1}},"18":{"start":{"line":46,"column":4},"end":{"line":51,"column":5}},"19":{"start":{"line":47,"column":34},"end":{"line":47,"column":51}},"20":{"start":{"line":48,"column":32},"end":{"line":48,"column":49}},"21":{"start":{"line":49,"column":31},"end":{"line":49,"column":48}},"22":{"start":{"line":50,"column":17},"end":{"line":50,"column":34}},"23":{"start":{"line":54,"column":25},"end":{"line":61,"column":1}},"24":{"start":{"line":55,"column":4},"end":{"line":60,"column":5}},"25":{"start":{"line":56,"column":34},"end":{"line":56,"column":50}},"26":{"start":{"line":57,"column":32},"end":{"line":57,"column":46}},"27":{"start":{"line":58,"column":31},"end":{"line":58,"column":44}},"28":{"start":{"line":59,"column":17},"end":{"line":59,"column":33}},"29":{"start":{"line":63,"column":17},"end":{"line":258,"column":1}},"30":{"start":{"line":64,"column":46},"end":{"line":64,"column":64}},"31":{"start":{"line":65,"column":23},"end":{"line":65,"column":46}},"32":{"start":{"line":66,"column":23},"end":{"line":66,"column":46}},"33":{"start":{"line":68,"column":42},"end":{"line":68,"column":73}},"34":{"start":{"line":69,"column":44},"end":{"line":69,"column":59}},"35":{"start":{"line":72,"column":40},"end":{"line":72,"column":72}},"36":{"start":{"line":74,"column":2},"end":{"line":80,"column":3}},"37":{"start":{"line":75,"column":4},"end":{"line":79,"column":6}},"38":{"start":{"line":82,"column":2},"end":{"line":88,"column":3}},"39":{"start":{"line":83,"column":4},"end":{"line":87,"column":6}},"40":{"start":{"line":90,"column":2},"end":{"line":96,"column":3}},"41":{"start":{"line":91,"column":4},"end":{"line":95,"column":6}},"42":{"start":{"line":98,"column":23},"end":{"line":101,"column":3}},"43":{"start":{"line":99,"column":22},"end":{"line":99,"column":89}},"44":{"start":{"line":100,"column":4},"end":{"line":100,"column":47}},"45":{"start":{"line":103,"column":26},"end":{"line":107,"column":3}},"46":{"start":{"line":104,"column":4},"end":{"line":104,"column":24}},"47":{"start":{"line":105,"column":4},"end":{"line":105,"column":26}},"48":{"start":{"line":106,"column":4},"end":{"line":106,"column":24}},"49":{"start":{"line":109,"column":28},"end":{"line":112,"column":3}},"50":{"start":{"line":110,"column":4},"end":{"line":110,"column":24}},"51":{"start":{"line":111,"column":4},"end":{"line":111,"column":19}},"52":{"start":{"line":114,"column":23},"end":{"line":122,"column":3}},"53":{"start":{"line":115,"column":24},"end":{"line":115,"column":44}},"54":{"start":{"line":116,"column":4},"end":{"line":120,"column":5}},"55":{"start":{"line":117,"column":6},"end":{"line":117,"column":29}},"56":{"start":{"line":119,"column":6},"end":{"line":119,"column":26}},"57":{"start":{"line":121,"column":4},"end":{"line":121,"column":32}},"58":{"start":{"line":124,"column":2},"end":{"line":257,"column":4}},"59":{"start":{"line":128,"column":29},"end":{"line":128,"column":53}},"60":{"start":{"line":129,"column":10},"end":{"line":247,"column":12}},"61":{"start":{"line":132,"column":29},"end":{"line":132,"column":50}},"62":{"start":{"line":164,"column":38},"end":{"line":164,"column":62}},"63":{"start":{"line":171,"column":38},"end":{"line":171,"column":67}},"64":{"start":{"line":192,"column":34},"end":{"line":192,"column":53}},"65":{"start":{"line":194,"column":20},"end":{"line":194,"column":40}},"66":{"start":{"line":195,"column":20},"end":{"line":195,"column":39}},"67":{"start":{"line":254,"column":23},"end":{"line":254,"column":43}},"68":{"start":{"line":260,"column":0},"end":{"line":260,"column":24}}},"fnMap":{"0":{"name":"(anonymous_1)","decl":{"start":{"line":29,"column":23},"end":{"line":29,"column":24}},"loc":{"start":{"line":29,"column":46},"end":{"line":35,"column":1}}},"1":{"name":"(anonymous_2)","decl":{"start":{"line":37,"column":23},"end":{"line":37,"column":24}},"loc":{"start":{"line":37,"column":46},"end":{"line":43,"column":1}}},"2":{"name":"(anonymous_3)","decl":{"start":{"line":45,"column":25},"end":{"line":45,"column":26}},"loc":{"start":{"line":45,"column":52},"end":{"line":52,"column":1}}},"3":{"name":"(anonymous_4)","decl":{"start":{"line":54,"column":25},"end":{"line":54,"column":26}},"loc":{"start":{"line":54,"column":52},"end":{"line":61,"column":1}}},"4":{"name":"(anonymous_5)","decl":{"start":{"line":63,"column":17},"end":{"line":63,"column":20}},"loc":{"start":{"line":63,"column":22},"end":{"line":258,"column":1}}},"5":{"name":"(anonymous_6)","decl":{"start":{"line":98,"column":23},"end":{"line":98,"column":24}},"loc":{"start":{"line":98,"column":42},"end":{"line":101,"column":3}}},"6":{"name":"(anonymous_7)","decl":{"start":{"line":103,"column":26},"end":{"line":103,"column":27}},"loc":{"start":{"line":103,"column":66},"end":{"line":107,"column":3}}},"7":{"name":"(anonymous_8)","decl":{"start":{"line":109,"column":28},"end":{"line":109,"column":29}},"loc":{"start":{"line":109,"column":64},"end":{"line":112,"column":3}}},"8":{"name":"(anonymous_9)","decl":{"start":{"line":114,"column":23},"end":{"line":114,"column":24}},"loc":{"start":{"line":114,"column":38},"end":{"line":122,"column":3}}},"9":{"name":"(anonymous_10)","decl":{"start":{"line":127,"column":19},"end":{"line":127,"column":20}},"loc":{"start":{"line":127,"column":28},"end":{"line":248,"column":9}}},"10":{"name":"(anonymous_11)","decl":{"start":{"line":132,"column":23},"end":{"line":132,"column":26}},"loc":{"start":{"line":132,"column":29},"end":{"line":132,"column":50}}},"11":{"name":"(anonymous_12)","decl":{"start":{"line":164,"column":31},"end":{"line":164,"column":32}},"loc":{"start":{"line":164,"column":38},"end":{"line":164,"column":62}}},"12":{"name":"(anonymous_13)","decl":{"start":{"line":171,"column":31},"end":{"line":171,"column":32}},"loc":{"start":{"line":171,"column":38},"end":{"line":171,"column":67}}},"13":{"name":"(anonymous_14)","decl":{"start":{"line":192,"column":27},"end":{"line":192,"column":28}},"loc":{"start":{"line":192,"column":34},"end":{"line":192,"column":53}}},"14":{"name":"(anonymous_15)","decl":{"start":{"line":193,"column":28},"end":{"line":193,"column":29}},"loc":{"start":{"line":193,"column":34},"end":{"line":196,"column":19}}},"15":{"name":"(anonymous_16)","decl":{"start":{"line":254,"column":17},"end":{"line":254,"column":20}},"loc":{"start":{"line":254,"column":23},"end":{"line":254,"column":43}}}},"branchMap":{"0":{"loc":{"start":{"line":30,"column":2},"end":{"line":34,"column":3}},"type":"switch","locations":[{"start":{"line":31,"column":4},"end":{"line":31,"column":51}},{"start":{"line":32,"column":4},"end":{"line":32,"column":43}},{"start":{"line":33,"column":4},"end":{"line":33,"column":30}}]},"1":{"loc":{"start":{"line":38,"column":2},"end":{"line":42,"column":3}},"type":"switch","locations":[{"start":{"line":39,"column":4},"end":{"line":39,"column":53}},{"start":{"line":40,"column":4},"end":{"line":40,"column":40}},{"start":{"line":41,"column":4},"end":{"line":41,"column":27}}]},"2":{"loc":{"start":{"line":46,"column":4},"end":{"line":51,"column":5}},"type":"switch","locations":[{"start":{"line":47,"column":8},"end":{"line":47,"column":51}},{"start":{"line":48,"column":8},"end":{"line":48,"column":49}},{"start":{"line":49,"column":8},"end":{"line":49,"column":48}},{"start":{"line":50,"column":8},"end":{"line":50,"column":34}}]},"3":{"loc":{"start":{"line":55,"column":4},"end":{"line":60,"column":5}},"type":"switch","locations":[{"start":{"line":56,"column":8},"end":{"line":56,"column":50}},{"start":{"line":57,"column":8},"end":{"line":57,"column":46}},{"start":{"line":58,"column":8},"end":{"line":58,"column":44}},{"start":{"line":59,"column":8},"end":{"line":59,"column":33}}]},"4":{"loc":{"start":{"line":74,"column":2},"end":{"line":80,"column":3}},"type":"if","locations":[{"start":{"line":74,"column":2},"end":{"line":80,"column":3}},{"start":{},"end":{}}]},"5":{"loc":{"start":{"line":82,"column":2},"end":{"line":88,"column":3}},"type":"if","locations":[{"start":{"line":82,"column":2},"end":{"line":88,"column":3}},{"start":{},"end":{}}]},"6":{"loc":{"start":{"line":90,"column":2},"end":{"line":96,"column":3}},"type":"if","locations":[{"start":{"line":90,"column":2},"end":{"line":96,"column":3}},{"start":{},"end":{}}]},"7":{"loc":{"start":{"line":90,"column":6},"end":{"line":90,"column":34}},"type":"binary-expr","locations":[{"start":{"line":90,"column":6},"end":{"line":90,"column":12}},{"start":{"line":90,"column":16},"end":{"line":90,"column":34}}]},"8":{"loc":{"start":{"line":99,"column":22},"end":{"line":99,"column":89}},"type":"cond-expr","locations":[{"start":{"line":99,"column":56},"end":{"line":99,"column":71}},{"start":{"line":99,"column":74},"end":{"line":99,"column":89}}]},"9":{"loc":{"start":{"line":116,"column":4},"end":{"line":120,"column":5}},"type":"if","locations":[{"start":{"line":116,"column":4},"end":{"line":120,"column":5}},{"start":{"line":118,"column":11},"end":{"line":120,"column":5}}]},"10":{"loc":{"start":{"line":135,"column":33},"end":{"line":135,"column":85}},"type":"cond-expr","locations":[{"start":{"line":135,"column":67},"end":{"line":135,"column":76}},{"start":{"line":135,"column":79},"end":{"line":135,"column":85}}]},"11":{"loc":{"start":{"line":136,"column":25},"end":{"line":136,"column":66}},"type":"cond-expr","locations":[{"start":{"line":136,"column":59},"end":{"line":136,"column":62}},{"start":{"line":136,"column":65},"end":{"line":136,"column":66}}]},"12":{"loc":{"start":{"line":139,"column":24},"end":{"line":141,"column":38}},"type":"cond-expr","locations":[{"start":{"line":140,"column":22},"end":{"line":140,"column":68}},{"start":{"line":141,"column":22},"end":{"line":141,"column":38}}]},"13":{"loc":{"start":{"line":159,"column":31},"end":{"line":159,"column":83}},"type":"cond-expr","locations":[{"start":{"line":159,"column":68},"end":{"line":159,"column":74}},{"start":{"line":159,"column":77},"end":{"line":159,"column":83}}]},"14":{"loc":{"start":{"line":179,"column":35},"end":{"line":179,"column":81}},"type":"cond-expr","locations":[{"start":{"line":179,"column":48},"end":{"line":179,"column":64}},{"start":{"line":179,"column":67},"end":{"line":179,"column":81}}]},"15":{"loc":{"start":{"line":205,"column":42},"end":{"line":205,"column":99}},"type":"cond-expr","locations":[{"start":{"line":205,"column":76},"end":{"line":205,"column":90}},{"start":{"line":205,"column":93},"end":{"line":205,"column":99}}]},"16":{"loc":{"start":{"line":214,"column":33},"end":{"line":214,"column":88}},"type":"cond-expr","locations":[{"start":{"line":214,"column":67},"end":{"line":214,"column":77}},{"start":{"line":214,"column":80},"end":{"line":214,"column":88}}]},"17":{"loc":{"start":{"line":219,"column":29},"end":{"line":219,"column":106}},"type":"cond-expr","locations":[{"start":{"line":219,"column":45},"end":{"line":219,"column":99}},{"start":{"line":219,"column":102},"end":{"line":219,"column":106}}]},"18":{"loc":{"start":{"line":229,"column":21},"end":{"line":229,"column":81}},"type":"binary-expr","locations":[{"start":{"line":229,"column":21},"end":{"line":229,"column":37}},{"start":{"line":229,"column":41},"end":{"line":229,"column":81}}]},"19":{"loc":{"start":{"line":238,"column":21},"end":{"line":241,"column":null}},"type":"binary-expr","locations":[{"start":{"line":238,"column":21},"end":{"line":238,"column":34}},{"start":{"line":239,"column":22},"end":{"line":240,"column":null}}]}},"s":{"0":1,"1":1,"2":1,"3":1,"4":1,"5":1,"6":1,"7":1,"8":4,"9":0,"10":0,"11":4,"12":1,"13":4,"14":0,"15":0,"16":4,"17":1,"18":4,"19":0,"20":0,"21":0,"22":4,"23":1,"24":4,"25":0,"26":0,"27":0,"28":4,"29":1,"30":9,"31":9,"32":9,"33":9,"34":9,"35":9,"36":9,"37":4,"38":5,"39":1,"40":4,"41":0,"42":4,"43":0,"44":0,"45":4,"46":0,"47":0,"48":0,"49":4,"50":1,"51":1,"52":4,"53":1,"54":1,"55":0,"56":1,"57":1,"58":4,"59":4,"60":4,"61":1,"62":0,"63":1,"64":0,"65":0,"66":0,"67":0,"68":1},"f":{"0":4,"1":4,"2":4,"3":4,"4":9,"5":0,"6":0,"7":1,"8":1,"9":4,"10":1,"11":0,"12":1,"13":0,"14":0,"15":0},"b":{"0":[0,0,4],"1":[0,0,4],"2":[0,0,0,4],"3":[0,0,0,4],"4":[4,5],"5":[1,4],"6":[0,4],"7":[4,4],"8":[0,0],"9":[0,1],"10":[0,4],"11":[0,4],"12":[0,4],"13":[0,4],"14":[1,3],"15":[0,4],"16":[4,0],"17":[0,4],"18":[4,2],"19":[4,0]}}
,"D:\\todo-list\\client\\src\\store\\api\\todoApi.ts": {"path":"D:\\todo-list\\client\\src\\store\\api\\todoApi.ts","statementMap":{"0":{"start":{"line":1,"column":0},"end":{"line":1,"column":73}},"1":{"start":{"line":13,"column":13},"end":{"line":17,"column":11}},"2":{"start":{"line":21,"column":13},"end":{"line":26,"column":11}},"3":{"start":{"line":30,"column":13},"end":{"line":73,"column":3}},"4":{"start":{"line":37,"column":29},"end":{"line":72,"column":6}},"5":{"start":{"line":40,"column":25},"end":{"line":40,"column":31}},"6":{"start":{"line":46,"column":30},"end":{"line":50,"column":14}},"7":{"start":{"line":56,"column":30},"end":{"line":60,"column":14}},"8":{"start":{"line":66,"column":28},"end":{"line":69,"column":14}},"9":{"start":{"line":76,"column":4},"end":{"line":80,"column":12}}},"fnMap":{"0":{"name":"(anonymous_0)","decl":{"start":{"line":37,"column":15},"end":{"line":37,"column":16}},"loc":{"start":{"line":37,"column":29},"end":{"line":72,"column":6}}},"1":{"name":"(anonymous_1)","decl":{"start":{"line":40,"column":19},"end":{"line":40,"column":22}},"loc":{"start":{"line":40,"column":25},"end":{"line":40,"column":31}}},"2":{"name":"(anonymous_2)","decl":{"start":{"line":46,"column":19},"end":{"line":46,"column":20}},"loc":{"start":{"line":46,"column":30},"end":{"line":50,"column":14}}},"3":{"name":"(anonymous_3)","decl":{"start":{"line":56,"column":19},"end":{"line":56,"column":20}},"loc":{"start":{"line":56,"column":30},"end":{"line":60,"column":14}}},"4":{"name":"(anonymous_4)","decl":{"start":{"line":66,"column":19},"end":{"line":66,"column":20}},"loc":{"start":{"line":66,"column":28},"end":{"line":69,"column":14}}}},"branchMap":{},"s":{"0":3,"1":3,"2":3,"3":3,"4":3,"5":3,"6":1,"7":1,"8":1,"9":3},"f":{"0":3,"1":3,"2":1,"3":1,"4":1},"b":{}}
}
