{"D:\\todo-list\\client\\src\\test-utils.tsx": {"path":"D:\\todo-list\\client\\src\\test-utils.tsx","statementMap":{"0":{"start":{"line":3,"column":0},"end":{"line":3,"column":48}},"1":{"start":{"line":5,"column":0},"end":{"line":5,"column":39}},"2":{"start":{"line":6,"column":0},"end":{"line":6,"column":50}},"3":{"start":{"line":7,"column":0},"end":{"line":7,"column":46}},"4":{"start":{"line":8,"column":0},"end":{"line":8,"column":53}},"5":{"start":{"line":9,"column":0},"end":{"line":9,"column":28}},"6":{"start":{"line":10,"column":0},"end":{"line":10,"column":59}},"7":{"start":{"line":11,"column":0},"end":{"line":11,"column":64}},"8":{"start":{"line":13,"column":24},"end":{"line":31,"column":1}},"9":{"start":{"line":14,"column":20},"end":{"line":20,"column":4}},"10":{"start":{"line":19,"column":6},"end":{"line":19,"column":55}},"11":{"start":{"line":22,"column":2},"end":{"line":30,"column":4}},"12":{"start":{"line":33,"column":21},"end":{"line":36,"column":57}},"13":{"start":{"line":36,"column":5},"end":{"line":36,"column":57}},"14":{"start":{"line":39,"column":25},"end":{"line":39,"column":31}},"15":{"start":{"line":38,"column":0},"end":{"line":38,"column":39}}},"fnMap":{"0":{"name":"(anonymous_5)","decl":{"start":{"line":13,"column":24},"end":{"line":13,"column":25}},"loc":{"start":{"line":13,"column":72},"end":{"line":31,"column":1}}},"1":{"name":"(anonymous_6)","decl":{"start":{"line":18,"column":16},"end":{"line":18,"column":17}},"loc":{"start":{"line":19,"column":6},"end":{"line":19,"column":55}}},"2":{"name":"(anonymous_7)","decl":{"start":{"line":33,"column":21},"end":{"line":33,"column":null}},"loc":{"start":{"line":36,"column":5},"end":{"line":36,"column":57}}}},"branchMap":{},"s":{"0":1,"1":1,"2":1,"3":1,"4":1,"5":1,"6":1,"7":1,"8":1,"9":3,"10":3,"11":3,"12":1,"13":3,"14":1,"15":1},"f":{"0":3,"1":3,"2":3},"b":{}}
,"D:\\todo-list\\client\\src\\theme.ts": {"path":"D:\\todo-list\\client\\src\\theme.ts","statementMap":{"0":{"start":{"line":1,"column":0},"end":{"line":1,"column":51}},"1":{"start":{"line":3,"column":14},"end":{"line":85,"column":2}},"2":{"start":{"line":87,"column":0},"end":{"line":87,"column":21}}},"fnMap":{},"branchMap":{},"s":{"0":1,"1":1,"2":1},"f":{},"b":{}}
,"D:\\todo-list\\client\\src\\components\\EditTaskDialog.tsx": {"path":"D:\\todo-list\\client\\src\\components\\EditTaskDialog.tsx","statementMap":{"0":{"start":{"line":1,"column":0},"end":{"line":1,"column":44}},"1":{"start":{"line":2,"column":0},"end":{"line":2,"column":null}},"2":{"start":{"line":14,"column":0},"end":{"line":14,"column":60}},"3":{"start":{"line":15,"column":0},"end":{"line":15,"column":87}},"4":{"start":{"line":17,"column":0},"end":{"line":17,"column":37}},"5":{"start":{"line":25,"column":23},"end":{"line":150,"column":1}},"6":{"start":{"line":26,"column":40},"end":{"line":26,"column":63}},"7":{"start":{"line":27,"column":30},"end":{"line":27,"column":42}},"8":{"start":{"line":28,"column":42},"end":{"line":28,"column":54}},"9":{"start":{"line":29,"column":32},"end":{"line":29,"column":69}},"10":{"start":{"line":30,"column":36},"end":{"line":30,"column":79}},"11":{"start":{"line":31,"column":36},"end":{"line":31,"column":64}},"12":{"start":{"line":32,"column":30},"end":{"line":32,"column":59}},"13":{"start":{"line":34,"column":4},"end":{"line":43,"column":15}},"14":{"start":{"line":35,"column":8},"end":{"line":42,"column":9}},"15":{"start":{"line":36,"column":12},"end":{"line":36,"column":33}},"16":{"start":{"line":37,"column":12},"end":{"line":37,"column":51}},"17":{"start":{"line":38,"column":12},"end":{"line":38,"column":35}},"18":{"start":{"line":39,"column":12},"end":{"line":39,"column":39}},"19":{"start":{"line":40,"column":12},"end":{"line":40,"column":69}},"20":{"start":{"line":41,"column":12},"end":{"line":41,"column":27}},"21":{"start":{"line":45,"column":23},"end":{"line":70,"column":5}},"22":{"start":{"line":46,"column":8},"end":{"line":49,"column":9}},"23":{"start":{"line":47,"column":12},"end":{"line":47,"column":43}},"24":{"start":{"line":48,"column":12},"end":{"line":48,"column":19}},"25":{"start":{"line":51,"column":8},"end":{"line":69,"column":9}},"26":{"start":{"line":52,"column":12},"end":{"line":52,"column":27}},"27":{"start":{"line":53,"column":12},"end":{"line":60,"column":24}},"28":{"start":{"line":61,"column":12},"end":{"line":61,"column":22}},"29":{"start":{"line":63,"column":12},"end":{"line":63,"column":57}},"30":{"start":{"line":64,"column":12},"end":{"line":68,"column":13}},"31":{"start":{"line":65,"column":16},"end":{"line":65,"column":51}},"32":{"start":{"line":67,"column":16},"end":{"line":67,"column":58}},"33":{"start":{"line":72,"column":4},"end":{"line":149,"column":6}},"34":{"start":{"line":83,"column":24},"end":{"line":83,"column":49}},"35":{"start":{"line":84,"column":24},"end":{"line":84,"column":66}},"36":{"start":{"line":84,"column":51},"end":{"line":84,"column":66}},"37":{"start":{"line":96,"column":37},"end":{"line":96,"column":67}},"38":{"start":{"line":106,"column":45},"end":{"line":106,"column":84}},"39":{"start":{"line":120,"column":45},"end":{"line":120,"column":88}},"40":{"start":{"line":133,"column":44},"end":{"line":133,"column":65}},"41":{"start":{"line":152,"column":0},"end":{"line":152,"column":30}}},"fnMap":{"0":{"name":"(anonymous_1)","decl":{"start":{"line":25,"column":23},"end":{"line":25,"column":24}},"loc":{"start":{"line":25,"column":72},"end":{"line":150,"column":1}}},"1":{"name":"(anonymous_2)","decl":{"start":{"line":34,"column":14},"end":{"line":34,"column":17}},"loc":{"start":{"line":34,"column":19},"end":{"line":43,"column":5}}},"2":{"name":"(anonymous_3)","decl":{"start":{"line":45,"column":23},"end":{"line":45,"column":28}},"loc":{"start":{"line":45,"column":34},"end":{"line":70,"column":5}}},"3":{"name":"(anonymous_4)","decl":{"start":{"line":82,"column":30},"end":{"line":82,"column":31}},"loc":{"start":{"line":82,"column":36},"end":{"line":85,"column":21}}},"4":{"name":"(anonymous_5)","decl":{"start":{"line":96,"column":30},"end":{"line":96,"column":31}},"loc":{"start":{"line":96,"column":37},"end":{"line":96,"column":67}}},"5":{"name":"(anonymous_6)","decl":{"start":{"line":106,"column":38},"end":{"line":106,"column":39}},"loc":{"start":{"line":106,"column":45},"end":{"line":106,"column":84}}},"6":{"name":"(anonymous_7)","decl":{"start":{"line":120,"column":38},"end":{"line":120,"column":39}},"loc":{"start":{"line":120,"column":45},"end":{"line":120,"column":88}}},"7":{"name":"(anonymous_8)","decl":{"start":{"line":133,"column":30},"end":{"line":133,"column":31}},"loc":{"start":{"line":133,"column":44},"end":{"line":133,"column":65}}}},"branchMap":{"0":{"loc":{"start":{"line":35,"column":8},"end":{"line":42,"column":9}},"type":"if","locations":[{"start":{"line":35,"column":8},"end":{"line":42,"column":9}},{"start":{},"end":{}}]},"1":{"loc":{"start":{"line":37,"column":27},"end":{"line":37,"column":49}},"type":"binary-expr","locations":[{"start":{"line":37,"column":27},"end":{"line":37,"column":43}},{"start":{"line":37,"column":47},"end":{"line":37,"column":49}}]},"2":{"loc":{"start":{"line":40,"column":24},"end":{"line":40,"column":67}},"type":"cond-expr","locations":[{"start":{"line":40,"column":40},"end":{"line":40,"column":60}},{"start":{"line":40,"column":63},"end":{"line":40,"column":67}}]},"3":{"loc":{"start":{"line":46,"column":8},"end":{"line":49,"column":9}},"type":"if","locations":[{"start":{"line":46,"column":8},"end":{"line":49,"column":9}},{"start":{},"end":{}}]},"4":{"loc":{"start":{"line":46,"column":12},"end":{"line":46,"column":34}},"type":"binary-expr","locations":[{"start":{"line":46,"column":12},"end":{"line":46,"column":17}},{"start":{"line":46,"column":21},"end":{"line":46,"column":34}}]},"5":{"loc":{"start":{"line":59,"column":26},"end":{"line":59,"column":71}},"type":"cond-expr","locations":[{"start":{"line":59,"column":37},"end":{"line":59,"column":59}},{"start":{"line":59,"column":62},"end":{"line":59,"column":71}}]},"6":{"loc":{"start":{"line":64,"column":12},"end":{"line":68,"column":13}},"type":"if","locations":[{"start":{"line":64,"column":12},"end":{"line":68,"column":13}},{"start":{"line":66,"column":19},"end":{"line":68,"column":13}}]},"7":{"loc":{"start":{"line":84,"column":24},"end":{"line":84,"column":66}},"type":"if","locations":[{"start":{"line":84,"column":24},"end":{"line":84,"column":66}},{"start":{},"end":{}}]},"8":{"loc":{"start":{"line":143,"column":30},"end":{"line":143,"column":56}},"type":"binary-expr","locations":[{"start":{"line":143,"column":30},"end":{"line":143,"column":39}},{"start":{"line":143,"column":43},"end":{"line":143,"column":56}}]},"9":{"loc":{"start":{"line":145,"column":21},"end":{"line":145,"column":61}},"type":"cond-expr","locations":[{"start":{"line":145,"column":33},"end":{"line":145,"column":44}},{"start":{"line":145,"column":47},"end":{"line":145,"column":61}}]}},"s":{"0":1,"1":1,"2":1,"3":1,"4":1,"5":1,"6":9,"7":9,"8":9,"9":9,"10":9,"11":9,"12":9,"13":9,"14":3,"15":3,"16":3,"17":3,"18":3,"19":3,"20":3,"21":9,"22":1,"23":0,"24":0,"25":1,"26":1,"27":1,"28":1,"29":0,"30":0,"31":0,"32":0,"33":9,"34":1,"35":1,"36":1,"37":0,"38":0,"39":0,"40":0,"41":1},"f":{"0":9,"1":3,"2":1,"3":1,"4":0,"5":0,"6":0,"7":0},"b":{"0":[3,0],"1":[3,0],"2":[0,3],"3":[0,1],"4":[1,1],"5":[0,1],"6":[0,0],"7":[1,0],"8":[9,8],"9":[1,8]}}
,"D:\\todo-list\\client\\src\\store\\api\\todoApi.ts": {"path":"D:\\todo-list\\client\\src\\store\\api\\todoApi.ts","statementMap":{"0":{"start":{"line":1,"column":0},"end":{"line":1,"column":73}},"1":{"start":{"line":13,"column":13},"end":{"line":17,"column":11}},"2":{"start":{"line":21,"column":13},"end":{"line":26,"column":11}},"3":{"start":{"line":30,"column":13},"end":{"line":73,"column":3}},"4":{"start":{"line":37,"column":29},"end":{"line":72,"column":6}},"5":{"start":{"line":40,"column":25},"end":{"line":40,"column":31}},"6":{"start":{"line":46,"column":30},"end":{"line":50,"column":14}},"7":{"start":{"line":56,"column":30},"end":{"line":60,"column":14}},"8":{"start":{"line":66,"column":28},"end":{"line":69,"column":14}},"9":{"start":{"line":76,"column":4},"end":{"line":80,"column":12}}},"fnMap":{"0":{"name":"(anonymous_0)","decl":{"start":{"line":37,"column":15},"end":{"line":37,"column":16}},"loc":{"start":{"line":37,"column":29},"end":{"line":72,"column":6}}},"1":{"name":"(anonymous_1)","decl":{"start":{"line":40,"column":19},"end":{"line":40,"column":22}},"loc":{"start":{"line":40,"column":25},"end":{"line":40,"column":31}}},"2":{"name":"(anonymous_2)","decl":{"start":{"line":46,"column":19},"end":{"line":46,"column":20}},"loc":{"start":{"line":46,"column":30},"end":{"line":50,"column":14}}},"3":{"name":"(anonymous_3)","decl":{"start":{"line":56,"column":19},"end":{"line":56,"column":20}},"loc":{"start":{"line":56,"column":30},"end":{"line":60,"column":14}}},"4":{"name":"(anonymous_4)","decl":{"start":{"line":66,"column":19},"end":{"line":66,"column":20}},"loc":{"start":{"line":66,"column":28},"end":{"line":69,"column":14}}}},"branchMap":{},"s":{"0":1,"1":1,"2":1,"3":1,"4":1,"5":0,"6":0,"7":1,"8":0,"9":1},"f":{"0":1,"1":0,"2":0,"3":1,"4":0},"b":{}}
}
