TN:
SF:src\test-utils.tsx
FN:13,(anonymous_5)
FN:18,(anonymous_6)
FN:33,(anonymous_7)
FNF:3
FNH:3
FNDA:3,(anonymous_5)
FNDA:3,(anonymous_6)
FNDA:3,(anonymous_7)
DA:3,1
DA:5,1
DA:6,1
DA:7,1
DA:8,1
DA:9,1
DA:10,1
DA:11,1
DA:13,1
DA:14,3
DA:19,3
DA:22,3
DA:33,1
DA:36,3
DA:38,1
DA:39,1
LF:16
LH:16
BRF:0
BRH:0
end_of_record
TN:
SF:src\theme.ts
FNF:0
FNH:0
DA:1,1
DA:3,1
DA:87,1
LF:3
LH:3
BRF:0
BRH:0
end_of_record
TN:
SF:src\components\EditTaskDialog.tsx
FN:25,(anonymous_1)
FN:34,(anonymous_2)
FN:45,(anonymous_3)
FN:82,(anonymous_4)
FN:96,(anonymous_5)
FN:106,(anonymous_6)
FN:120,(anonymous_7)
FN:133,(anonymous_8)
FNF:8
FNH:4
FNDA:9,(anonymous_1)
FNDA:3,(anonymous_2)
FNDA:1,(anonymous_3)
FNDA:1,(anonymous_4)
FNDA:0,(anonymous_5)
FNDA:0,(anonymous_6)
FNDA:0,(anonymous_7)
FNDA:0,(anonymous_8)
DA:1,1
DA:2,1
DA:14,1
DA:15,1
DA:17,1
DA:25,1
DA:26,9
DA:27,9
DA:28,9
DA:29,9
DA:30,9
DA:31,9
DA:32,9
DA:34,9
DA:35,3
DA:36,3
DA:37,3
DA:38,3
DA:39,3
DA:40,3
DA:41,3
DA:45,9
DA:46,1
DA:47,0
DA:48,0
DA:51,1
DA:52,1
DA:53,1
DA:61,1
DA:63,0
DA:64,0
DA:65,0
DA:67,0
DA:72,9
DA:83,1
DA:84,1
DA:96,0
DA:106,0
DA:120,0
DA:133,0
DA:152,1
LF:41
LH:31
BRDA:35,0,0,3
BRDA:35,0,1,0
BRDA:37,1,0,3
BRDA:37,1,1,0
BRDA:40,2,0,0
BRDA:40,2,1,3
BRDA:46,3,0,0
BRDA:46,3,1,1
BRDA:46,4,0,1
BRDA:46,4,1,1
BRDA:59,5,0,0
BRDA:59,5,1,1
BRDA:64,6,0,0
BRDA:64,6,1,0
BRDA:84,7,0,1
BRDA:84,7,1,0
BRDA:143,8,0,9
BRDA:143,8,1,8
BRDA:145,9,0,1
BRDA:145,9,1,8
BRF:20
BRH:12
end_of_record
TN:
SF:src\store\api\todoApi.ts
FN:37,(anonymous_0)
FN:40,(anonymous_1)
FN:46,(anonymous_2)
FN:56,(anonymous_3)
FN:66,(anonymous_4)
FNF:5
FNH:2
FNDA:1,(anonymous_0)
FNDA:0,(anonymous_1)
FNDA:0,(anonymous_2)
FNDA:1,(anonymous_3)
FNDA:0,(anonymous_4)
DA:1,1
DA:13,1
DA:21,1
DA:30,1
DA:37,1
DA:40,0
DA:46,0
DA:56,1
DA:66,0
DA:76,1
LF:10
LH:7
BRF:0
BRH:0
end_of_record
