TN:
SF:src\test-utils.tsx
FN:13,(anonymous_5)
FN:18,(anonymous_6)
FN:33,(anonymous_7)
FNF:3
FNH:3
FNDA:9,(anonymous_5)
FNDA:9,(anonymous_6)
FNDA:9,(anonymous_7)
DA:3,3
DA:5,3
DA:6,3
DA:7,3
DA:8,3
DA:9,3
DA:10,3
DA:11,3
DA:13,3
DA:14,9
DA:19,9
DA:22,9
DA:33,3
DA:36,9
DA:38,3
DA:39,3
LF:16
LH:16
BRF:0
BRH:0
end_of_record
TN:
SF:src\theme.ts
FNF:0
FNH:0
DA:1,3
DA:3,3
DA:87,3
LF:3
LH:3
BRF:0
BRH:0
end_of_record
TN:
SF:src\components\EditTaskDialog.tsx
FN:25,(anonymous_1)
FN:34,(anonymous_2)
FN:45,(anonymous_3)
FN:82,(anonymous_4)
FN:96,(anonymous_5)
FN:106,(anonymous_6)
FN:120,(anonymous_7)
FN:133,(anonymous_8)
FNF:8
FNH:4
FNDA:13,(anonymous_1)
FNDA:5,(anonymous_2)
FNDA:1,(anonymous_3)
FNDA:1,(anonymous_4)
FNDA:0,(anonymous_5)
FNDA:0,(anonymous_6)
FNDA:0,(anonymous_7)
FNDA:0,(anonymous_8)
DA:1,2
DA:2,2
DA:14,2
DA:15,2
DA:17,2
DA:25,2
DA:26,13
DA:27,13
DA:28,13
DA:29,13
DA:30,13
DA:31,13
DA:32,13
DA:34,13
DA:35,5
DA:36,3
DA:37,3
DA:38,3
DA:39,3
DA:40,3
DA:41,3
DA:45,13
DA:46,1
DA:47,0
DA:48,0
DA:51,1
DA:52,1
DA:53,1
DA:61,1
DA:63,0
DA:64,0
DA:65,0
DA:67,0
DA:72,13
DA:83,1
DA:84,1
DA:96,0
DA:106,0
DA:120,0
DA:133,0
DA:152,2
LF:41
LH:31
BRDA:35,0,0,3
BRDA:35,0,1,2
BRDA:37,1,0,3
BRDA:37,1,1,0
BRDA:40,2,0,0
BRDA:40,2,1,3
BRDA:46,3,0,0
BRDA:46,3,1,1
BRDA:46,4,0,1
BRDA:46,4,1,1
BRDA:59,5,0,0
BRDA:59,5,1,1
BRDA:64,6,0,0
BRDA:64,6,1,0
BRDA:84,7,0,1
BRDA:84,7,1,0
BRDA:143,8,0,13
BRDA:143,8,1,12
BRDA:145,9,0,1
BRDA:145,9,1,12
BRF:20
BRH:13
end_of_record
TN:
SF:src\components\InputArea.tsx
FN:7,InputArea
FN:14,(anonymous_1)
FN:40,(anonymous_2)
FN:56,(anonymous_3)
FN:71,(anonymous_4)
FN:83,(anonymous_5)
FNF:6
FNH:3
FNDA:8,InputArea
FNDA:1,(anonymous_1)
FNDA:0,(anonymous_2)
FNDA:2,(anonymous_3)
FNDA:0,(anonymous_4)
FNDA:0,(anonymous_5)
DA:1,1
DA:2,1
DA:3,1
DA:4,1
DA:8,8
DA:9,8
DA:10,8
DA:11,8
DA:12,8
DA:14,8
DA:15,1
DA:16,0
DA:17,0
DA:20,1
DA:21,1
DA:22,1
DA:27,1
DA:28,1
DA:29,1
DA:31,0
DA:32,0
DA:33,0
DA:35,0
DA:40,8
DA:41,0
DA:42,0
DA:46,8
DA:57,2
DA:58,2
DA:71,0
DA:83,0
DA:102,1
LF:32
LH:22
BRDA:15,0,0,0
BRDA:15,0,1,1
BRDA:25,1,0,0
BRDA:25,1,1,1
BRDA:32,2,0,0
BRDA:32,2,1,0
BRDA:41,3,0,0
BRDA:41,3,1,0
BRDA:58,4,0,2
BRDA:58,4,1,0
BRDA:93,5,0,8
BRDA:93,5,1,7
BRDA:96,6,0,1
BRDA:96,6,1,7
BRF:14
BRH:7
end_of_record
TN:
SF:src\components\TaskList.tsx
FN:29,(anonymous_1)
FN:37,(anonymous_2)
FN:45,(anonymous_3)
FN:54,(anonymous_4)
FN:63,(anonymous_5)
FN:98,(anonymous_6)
FN:103,(anonymous_7)
FN:109,(anonymous_8)
FN:114,(anonymous_9)
FN:127,(anonymous_10)
FN:132,(anonymous_11)
FN:164,(anonymous_12)
FN:171,(anonymous_13)
FN:192,(anonymous_14)
FN:193,(anonymous_15)
FN:254,(anonymous_16)
FNF:16
FNH:10
FNDA:4,(anonymous_1)
FNDA:4,(anonymous_2)
FNDA:4,(anonymous_3)
FNDA:4,(anonymous_4)
FNDA:9,(anonymous_5)
FNDA:0,(anonymous_6)
FNDA:0,(anonymous_7)
FNDA:1,(anonymous_8)
FNDA:1,(anonymous_9)
FNDA:4,(anonymous_10)
FNDA:1,(anonymous_11)
FNDA:0,(anonymous_12)
FNDA:1,(anonymous_13)
FNDA:0,(anonymous_14)
FNDA:0,(anonymous_15)
FNDA:0,(anonymous_16)
DA:1,1
DA:2,1
DA:16,1
DA:17,1
DA:18,1
DA:19,1
DA:27,1
DA:29,1
DA:30,4
DA:31,0
DA:32,0
DA:33,4
DA:37,1
DA:38,4
DA:39,0
DA:40,0
DA:41,4
DA:45,1
DA:46,4
DA:47,0
DA:48,0
DA:49,0
DA:50,4
DA:54,1
DA:55,4
DA:56,0
DA:57,0
DA:58,0
DA:59,4
DA:63,1
DA:64,9
DA:65,9
DA:66,9
DA:68,9
DA:69,9
DA:72,9
DA:74,9
DA:75,4
DA:82,5
DA:83,1
DA:90,4
DA:91,0
DA:98,4
DA:99,0
DA:100,0
DA:103,4
DA:104,0
DA:105,0
DA:106,0
DA:109,4
DA:110,1
DA:111,1
DA:114,4
DA:115,1
DA:116,1
DA:117,0
DA:119,1
DA:121,1
DA:124,4
DA:128,4
DA:129,4
DA:132,1
DA:164,0
DA:171,1
DA:192,0
DA:194,0
DA:195,0
DA:254,0
DA:260,1
LF:69
LH:47
BRDA:30,0,0,0
BRDA:30,0,1,0
BRDA:30,0,2,4
BRDA:38,1,0,0
BRDA:38,1,1,0
BRDA:38,1,2,4
BRDA:46,2,0,0
BRDA:46,2,1,0
BRDA:46,2,2,0
BRDA:46,2,3,4
BRDA:55,3,0,0
BRDA:55,3,1,0
BRDA:55,3,2,0
BRDA:55,3,3,4
BRDA:74,4,0,4
BRDA:74,4,1,5
BRDA:82,5,0,1
BRDA:82,5,1,4
BRDA:90,6,0,0
BRDA:90,6,1,4
BRDA:90,7,0,4
BRDA:90,7,1,4
BRDA:99,8,0,0
BRDA:99,8,1,0
BRDA:116,9,0,0
BRDA:116,9,1,1
BRDA:135,10,0,0
BRDA:135,10,1,4
BRDA:136,11,0,0
BRDA:136,11,1,4
BRDA:139,12,0,0
BRDA:139,12,1,4
BRDA:159,13,0,0
BRDA:159,13,1,4
BRDA:179,14,0,1
BRDA:179,14,1,3
BRDA:205,15,0,0
BRDA:205,15,1,4
BRDA:214,16,0,4
BRDA:214,16,1,0
BRDA:219,17,0,0
BRDA:219,17,1,4
BRDA:229,18,0,4
BRDA:229,18,1,2
BRDA:238,19,0,4
BRDA:238,19,1,0
BRF:46
BRH:24
end_of_record
TN:
SF:src\store\api\todoApi.ts
FN:37,(anonymous_0)
FN:40,(anonymous_1)
FN:46,(anonymous_2)
FN:56,(anonymous_3)
FN:66,(anonymous_4)
FNF:5
FNH:5
FNDA:3,(anonymous_0)
FNDA:3,(anonymous_1)
FNDA:1,(anonymous_2)
FNDA:1,(anonymous_3)
FNDA:1,(anonymous_4)
DA:1,3
DA:13,3
DA:21,3
DA:30,3
DA:37,3
DA:40,3
DA:46,1
DA:56,1
DA:66,1
DA:76,3
LF:10
LH:10
BRF:0
BRH:0
end_of_record
